<?xml version="1.0" encoding="UTF-8"?>
<coverage generated="1413132793">
  <project timestamp="1413132793">
    <package name="Niborb\FeatureToggle\Cache">
      <file name="/Users/robinbreuker/dev-projects/php-feature-toggle/src/Niborb/FeatureToggle/Cache/CacheProxy.php">
        <class name="CacheProxy" namespace="Niborb\FeatureToggle\Cache">
          <metrics methods="3" coveredmethods="3" conditionals="0" coveredconditionals="0" statements="6" coveredstatements="6" elements="9" coveredelements="9"/>
        </class>
        <line num="19" type="method" name="__construct" crap="1" count="5"/>
        <line num="21" type="stmt" count="5"/>
        <line num="22" type="stmt" count="5"/>
        <line num="30" type="method" name="save" crap="1" count="1"/>
        <line num="32" type="stmt" count="1"/>
        <line num="33" type="stmt" count="1"/>
        <line num="42" type="method" name="fetch" crap="2" count="2"/>
        <line num="44" type="stmt" count="2"/>
        <line num="46" type="stmt" count="2"/>
        <metrics loc="48" ncloc="29" classes="1" methods="3" coveredmethods="3" conditionals="0" coveredconditionals="0" statements="6" coveredstatements="6" elements="9" coveredelements="9"/>
      </file>
    </package>
    <package name="Niborb\FeatureToggle\DataProvider">
      <file name="/Users/robinbreuker/dev-projects/php-feature-toggle/src/Niborb/FeatureToggle/DataProvider/ArrayDataProvider.php">
        <class name="ArrayDataProvider" namespace="Niborb\FeatureToggle\DataProvider">
          <metrics methods="5" coveredmethods="5" conditionals="0" coveredconditionals="0" statements="12" coveredstatements="12" elements="17" coveredelements="17"/>
        </class>
        <line num="20" type="method" name="__construct" crap="1" count="13"/>
        <line num="22" type="stmt" count="13"/>
        <line num="23" type="stmt" count="12"/>
        <line num="29" type="method" name="fetchFeature" crap="2" count="9"/>
        <line num="31" type="stmt" count="9"/>
        <line num="32" type="stmt" count="8"/>
        <line num="35" type="stmt" count="2"/>
        <line num="42" type="method" name="addFeature" crap="1" count="9"/>
        <line num="44" type="stmt" count="9"/>
        <line num="46" type="stmt" count="9"/>
        <line num="54" type="method" name="anonymous function" crap="2" count="13"/>
        <line num="55" type="stmt" count="3"/>
        <line num="56" type="stmt" count="1"/>
        <line num="59" type="stmt" count="2"/>
        <line num="60" type="stmt" count="13"/>
        <line num="61" type="stmt" count="12"/>
        <line num="71" type="method" name="getIterator" crap="1" count="1"/>
        <line num="73" type="stmt" count="1"/>
        <metrics loc="76" ncloc="52" classes="1" methods="5" coveredmethods="5" conditionals="0" coveredconditionals="0" statements="13" coveredstatements="13" elements="18" coveredelements="18"/>
      </file>
    </package>
    <package name="Niborb\FeatureToggle\Entity">
      <file name="/Users/robinbreuker/dev-projects/php-feature-toggle/src/Niborb/FeatureToggle/Entity/Feature.php">
        <class name="Feature" namespace="Niborb\FeatureToggle\Entity">
          <metrics methods="7" coveredmethods="7" conditionals="0" coveredconditionals="0" statements="13" coveredstatements="13" elements="20" coveredelements="20"/>
        </class>
        <line num="27" type="method" name="__construct" crap="2" count="10"/>
        <line num="29" type="stmt" count="10"/>
        <line num="30" type="stmt" count="1"/>
        <line num="33" type="stmt" count="9"/>
        <line num="34" type="stmt" count="9"/>
        <line num="39" type="method" name="getName" crap="1" count="4"/>
        <line num="41" type="stmt" count="4"/>
        <line num="47" type="method" name="enable" crap="1" count="3"/>
        <line num="49" type="stmt" count="3"/>
        <line num="51" type="stmt" count="3"/>
        <line num="57" type="method" name="isEnabled" crap="1" count="4"/>
        <line num="59" type="stmt" count="4"/>
        <line num="65" type="method" name="disable" crap="1" count="2"/>
        <line num="67" type="stmt" count="2"/>
        <line num="69" type="stmt" count="2"/>
        <line num="77" type="method" name="setExpression" crap="1" count="2"/>
        <line num="79" type="stmt" count="2"/>
        <line num="81" type="stmt" count="2"/>
        <line num="87" type="method" name="getExpression" crap="1" count="2"/>
        <line num="89" type="stmt" count="2"/>
        <metrics loc="91" ncloc="60" classes="1" methods="7" coveredmethods="7" conditionals="0" coveredconditionals="0" statements="13" coveredstatements="13" elements="20" coveredelements="20"/>
      </file>
    </package>
    <package name="Niborb\FeatureToggle">
      <file name="/Users/robinbreuker/dev-projects/php-feature-toggle/src/Niborb/FeatureToggle/Toggle.php">
        <class name="Toggle" namespace="Niborb\FeatureToggle" fullPackage="Niborb" package="Niborb">
          <metrics methods="7" coveredmethods="7" conditionals="0" coveredconditionals="0" statements="22" coveredstatements="22" elements="29" coveredelements="29"/>
        </class>
        <line num="31" type="method" name="setExpressionLanguage" crap="1" count="5"/>
        <line num="33" type="stmt" count="5"/>
        <line num="35" type="stmt" count="5"/>
        <line num="43" type="method" name="addFeature" crap="1" count="7"/>
        <line num="45" type="stmt" count="7"/>
        <line num="47" type="stmt" count="7"/>
        <line num="54" type="method" name="hasFeature" crap="1" count="1"/>
        <line num="56" type="stmt" count="1"/>
        <line num="64" type="method" name="isEnabled" crap="3" count="7"/>
        <line num="66" type="stmt" count="7"/>
        <line num="67" type="stmt" count="7"/>
        <line num="68" type="stmt" count="5"/>
        <line num="71" type="stmt" count="2"/>
        <line num="79" type="method" name="validate" crap="4" count="5"/>
        <line num="81" type="stmt" count="5"/>
        <line num="83" type="stmt" count="5"/>
        <line num="84" type="stmt" count="5"/>
        <line num="86" type="stmt" count="3"/>
        <line num="87" type="stmt" count="1"/>
        <line num="88" type="stmt" count="1"/>
        <line num="93" type="stmt" count="2"/>
        <line num="99" type="method" name="getDataProvider" crap="2" count="8"/>
        <line num="101" type="stmt" count="8"/>
        <line num="102" type="stmt" count="8"/>
        <line num="103" type="stmt" count="8"/>
        <line num="105" type="stmt" count="8"/>
        <line num="114" type="method" name="setDataProvider" crap="1" count="2"/>
        <line num="116" type="stmt" count="2"/>
        <line num="118" type="stmt" count="2"/>
        <metrics loc="120" ncloc="76" classes="1" methods="7" coveredmethods="7" conditionals="0" coveredconditionals="0" statements="22" coveredstatements="22" elements="29" coveredelements="29"/>
      </file>
    </package>
    <metrics files="4" loc="335" ncloc="217" classes="4" methods="22" coveredmethods="22" conditionals="0" coveredconditionals="0" statements="54" coveredstatements="54" elements="76" coveredelements="76"/>
  </project>
</coverage>
